#
# There is insufficient memory for the Java Runtime Environment to continue.
# Native memory allocation (malloc) failed to allocate 32744 bytes for ChunkPool::allocate
# Possible reasons:
#   The system is out of physical RAM or swap space
#   In 32 bit mode, the process size limit was hit
# Possible solutions:
#   Reduce memory load on the system
#   Increase physical memory or swap space
#   Check if swap backing store is full
#   Use 64 bit Java on a 64 bit OS
#   Decrease Java heap size (-Xmx/-Xms)
#   Decrease number of Java threads
#   Decrease Java thread stack sizes (-Xss)
#   Set larger code cache with -XX:ReservedCodeCacheSize=
# This output file may be truncated or incomplete.
#
#  Out of Memory Error (allocation.cpp:273), pid=6256, tid=5336
#
# JRE version: Java(TM) SE Runtime Environment (8.0_45-b14) (build 1.8.0_45-b14)
# Java VM: Java HotSpot(TM) 64-Bit Server VM (25.45-b02 mixed mode windows-amd64 compressed oops)
# Failed to write core dump. Minidumps are not enabled by default on client versions of Windows
#

---------------  T H R E A D  ---------------

Current thread (0x0000000056c49800):  JavaThread "C2 CompilerThread1" daemon [_thread_in_native, id=5336, stack(0x00000000575e0000,0x00000000576e0000)]

Stack: [0x00000000575e0000,0x00000000576e0000]
Native frames: (J=compiled Java code, j=interpreted, Vv=VM code, C=native code)
V  [jvm.dll+0x32b57a]


Current CompileTask:
C2:   2721 1438   !   4       com.android.dx.cf.cst.ConstantPoolParser::parse0 (731 bytes)


---------------  P R O C E S S  ---------------

Java Threads: ( => current thread )
  0x0000000056f36800 JavaThread "pool-1-thread-4" [_thread_blocked, id=2432, stack(0x0000000058830000,0x0000000058930000)]
  0x0000000056f35800 JavaThread "pool-1-thread-3" [_thread_blocked, id=8124, stack(0x0000000058650000,0x0000000058750000)]
  0x0000000056f35000 JavaThread "pool-1-thread-2" [_thread_in_Java, id=3800, stack(0x00000000584b0000,0x00000000585b0000)]
  0x0000000056f33000 JavaThread "pool-2-thread-1" [_thread_blocked, id=6364, stack(0x00000000580b0000,0x00000000581b0000)]
  0x0000000056edc800 JavaThread "pool-1-thread-1" [_thread_blocked, id=5040, stack(0x0000000058250000,0x0000000058350000)]
  0x0000000056cd1800 JavaThread "Service Thread" daemon [_thread_blocked, id=6024, stack(0x0000000057250000,0x0000000057350000)]
  0x0000000056c4a800 JavaThread "C1 CompilerThread2" daemon [_thread_in_vm, id=7544, stack(0x00000000577a0000,0x00000000578a0000)]
=>0x0000000056c49800 JavaThread "C2 CompilerThread1" daemon [_thread_in_native, id=5336, stack(0x00000000575e0000,0x00000000576e0000)]
  0x0000000056c3a800 JavaThread "C2 CompilerThread0" daemon [_thread_in_native, id=5680, stack(0x00000000574e0000,0x00000000575e0000)]
  0x00000000557bf000 JavaThread "Attach Listener" daemon [_thread_blocked, id=4516, stack(0x0000000057350000,0x0000000057450000)]
  0x00000000557be000 JavaThread "Signal Dispatcher" daemon [_thread_blocked, id=2516, stack(0x0000000057110000,0x0000000057210000)]
  0x0000000055754800 JavaThread "Finalizer" daemon [_thread_blocked, id=4548, stack(0x0000000056b30000,0x0000000056c30000)]
  0x0000000055753800 JavaThread "Reference Handler" daemon [_thread_blocked, id=7564, stack(0x00000000568c0000,0x00000000569c0000)]
  0x00000000021ae000 JavaThread "main" [_thread_blocked, id=7444, stack(0x0000000002370000,0x0000000002470000)]

Other Threads:
  0x000000005574e000 VMThread [stack: 0x00000000566c0000,0x00000000567c0000] [id=5132]
  0x0000000056cd5800 WatcherThread [stack: 0x00000000569f0000,0x0000000056af0000] [id=7836]

VM state:not at safepoint (normal execution)

VM Mutex/Monitor currently owned by a thread: None

Heap:
 PSYoungGen      total 38400K, used 15064K [0x00000000eab00000, 0x00000000ef600000, 0x0000000100000000)
  eden space 33280K, 29% used [0x00000000eab00000,0x00000000eb4b8218,0x00000000ecb80000)
  from space 5120K, 99% used [0x00000000ed080000,0x00000000ed57e038,0x00000000ed580000)
  to   space 5120K, 0% used [0x00000000ecb80000,0x00000000ecb80000,0x00000000ed080000)
 ParOldGen       total 87552K, used 5288K [0x00000000c0000000, 0x00000000c5580000, 0x00000000eab00000)
  object space 87552K, 6% used [0x00000000c0000000,0x00000000c052a3d8,0x00000000c5580000)
 Metaspace       used 6179K, capacity 7024K, committed 7296K, reserved 1056768K
  class space    used 596K, capacity 616K, committed 640K, reserved 1048576K

Card table byte_map: [0x0000000011830000,0x0000000011a40000] byte_map_base: 0x0000000011230000

Marking Bits: (ParMarkBitMap*) 0x0000000055534040
 Begin Bits: [0x00000000122e0000, 0x00000000132e0000)
 End Bits:   [0x00000000132e0000, 0x00000000142e0000)

Polling page: 0x00000000000b0000

CodeCache: size=245760Kb used=5657Kb max_used=5657Kb free=240102Kb
 bounds [0x0000000002470000, 0x0000000002a00000, 0x0000000011470000]
 total_blobs=1733 nmethods=1462 adapters=184
 compilation: enabled

Compilation events (10 events):
Event: 2.695 Thread 0x0000000056c4a800 1466       3       com.android.dx.cf.code.RopperMachine::<init> (134 bytes)
Event: 2.695 Thread 0x0000000056c4a800 nmethod 1466 0x00000000029f7a90 code [0x00000000029f7c80, 0x00000000029f85f8]
Event: 2.695 Thread 0x0000000056c4a800 1467       3       com.android.dx.cf.code.Simulator::<init> (66 bytes)
Event: 2.696 Thread 0x0000000056c4a800 nmethod 1467 0x00000000029f89d0 code [0x00000000029f8b80, 0x00000000029f92b8]
Event: 2.696 Thread 0x0000000056c4a800 1468       3       com.android.dx.cf.code.Simulator$SimVisitor::<init> (23 bytes)
Event: 2.696 Thread 0x0000000056c4a800 nmethod 1468 0x00000000029f9550 code [0x00000000029f96c0, 0x00000000029f98d0]
Event: 2.696 Thread 0x0000000056c4a800 1469       3       com.android.dx.cf.code.Frame::<init> (10 bytes)
Event: 2.696 Thread 0x0000000056c4a800 nmethod 1469 0x00000000029f99d0 code [0x00000000029f9b40, 0x00000000029f9cc8]
Event: 2.696 Thread 0x0000000056c4a800 1470       3       com.android.dx.cf.code.Ropper$ExceptionSetupLabelAllocator::<init> (33 bytes)
Event: 2.696 Thread 0x0000000056c4a800 nmethod 1470 0x00000000029f9d50 code [0x00000000029f9ee0, 0x00000000029fa3b0]

GC Heap History (4 events):
Event: 1.637 GC heap before
{Heap before GC invocations=1 (full 0):
 PSYoungGen      total 38400K, used 33280K [0x00000000eab00000, 0x00000000ed580000, 0x0000000100000000)
  eden space 33280K, 100% used [0x00000000eab00000,0x00000000ecb80000,0x00000000ecb80000)
  from space 5120K, 0% used [0x00000000ed080000,0x00000000ed080000,0x00000000ed580000)
  to   space 5120K, 0% used [0x00000000ecb80000,0x00000000ecb80000,0x00000000ed080000)
 ParOldGen       total 87552K, used 0K [0x00000000c0000000, 0x00000000c5580000, 0x00000000eab00000)
  object space 87552K, 0% used [0x00000000c0000000,0x00000000c0000000,0x00000000c5580000)
 Metaspace       used 5888K, capacity 6832K, committed 7040K, reserved 1056768K
  class space    used 590K, capacity 616K, committed 640K, reserved 1048576K
Event: 1.650 GC heap after
Heap after GC invocations=1 (full 0):
 PSYoungGen      total 38400K, used 5088K [0x00000000eab00000, 0x00000000ed580000, 0x0000000100000000)
  eden space 33280K, 0% used [0x00000000eab00000,0x00000000eab00000,0x00000000ecb80000)
  from space 5120K, 99% used [0x00000000ecb80000,0x00000000ed0780e8,0x00000000ed080000)
  to   space 5120K, 0% used [0x00000000ed080000,0x00000000ed080000,0x00000000ed580000)
 ParOldGen       total 87552K, used 1064K [0x00000000c0000000, 0x00000000c5580000, 0x00000000eab00000)
  object space 87552K, 1% used [0x00000000c0000000,0x00000000c010a008,0x00000000c5580000)
 Metaspace       used 5888K, capacity 6832K, committed 7040K, reserved 1056768K
  class space    used 590K, capacity 616K, committed 640K, reserved 1048576K
}
Event: 2.032 GC heap before
{Heap before GC invocations=2 (full 0):
 PSYoungGen      total 38400K, used 38368K [0x00000000eab00000, 0x00000000ed580000, 0x0000000100000000)
  eden space 33280K, 100% used [0x00000000eab00000,0x00000000ecb80000,0x00000000ecb80000)
  from space 5120K, 99% used [0x00000000ecb80000,0x00000000ed0780e8,0x00000000ed080000)
  to   space 5120K, 0% used [0x00000000ed080000,0x00000000ed080000,0x00000000ed580000)
 ParOldGen       total 87552K, used 1064K [0x00000000c0000000, 0x00000000c5580000, 0x00000000eab00000)
  object space 87552K, 1% used [0x00000000c0000000,0x00000000c010a008,0x00000000c5580000)
 Metaspace       used 6061K, capacity 6960K, committed 7040K, reserved 1056768K
  class space    used 596K, capacity 616K, committed 640K, reserved 1048576K
Event: 2.061 GC heap after
Heap after GC invocations=2 (full 0):
 PSYoungGen      total 38400K, used 5112K [0x00000000eab00000, 0x00000000ef600000, 0x0000000100000000)
  eden space 33280K, 0% used [0x00000000eab00000,0x00000000eab00000,0x00000000ecb80000)
  from space 5120K, 99% used [0x00000000ed080000,0x00000000ed57e038,0x00000000ed580000)
  to   space 5120K, 0% used [0x00000000ecb80000,0x00000000ecb80000,0x00000000ed080000)
 ParOldGen       total 87552K, used 5288K [0x00000000c0000000, 0x00000000c5580000, 0x00000000eab00000)
  object space 87552K, 6% used [0x00000000c0000000,0x00000000c052a3d8,0x00000000c5580000)
 Metaspace       used 6061K, capacity 6960K, committed 7040K, reserved 1056768K
  class space    used 596K, capacity 616K, committed 640K, reserved 1048576K
}

Deoptimization events (3 events):
Event: 0.891 Thread 0x00000000021ae000 Uncommon trap: reason=unstable_if action=reinterpret pc=0x00000000025b6a48 method=java.lang.String.indexOf(II)I @ 49
Event: 1.152 Thread 0x0000000056f36800 Uncommon trap: reason=unstable_if action=reinterpret pc=0x000000000268fae0 method=java.util.BitSet.nextSetBit(I)I @ 87
Event: 1.155 Thread 0x0000000056f36800 Uncommon trap: reason=unstable_if action=reinterpret pc=0x000000000269dad0 method=java.util.HashMap.getNode(ILjava/lang/Object;)Ljava/util/HashMap$Node; @ 129

Internal exceptions (2 events):
Event: 0.107 Thread 0x00000000021ae000 Exception <a 'java/lang/NoSuchMethodError': Method sun.misc.Unsafe.defineClass(Ljava/lang/String;[BII)Ljava/lang/Class; name or signature does not match> (0x00000000eab12be0) thrown at [C:\re\workspace\8-2-build-windows-amd64-cygwin\jdk8u45\3457\hotspot\srC™=2|»?
Event: 0.107 Thread 0x00000000021ae000 Exception <a 'java/lang/NoSuchMethodError': Method sun.misc.Unsafe.prefetchRead(Ljava/lang/Object;J)V name or signature does not match> (0x00000000eab12e70) thrown at [C:\re\workspace\8-2-build-windows-amd64-cygwin\jdk8u45\3457\hotspot\src\share\vm\prims\j

Events (10 events):
Event: 1.817 loading class com/android/dx/cf/attrib/AttExceptions
Event: 1.817 loading class com/android/dx/cf/attrib/AttExceptions done
Event: 1.861 loading class com/android/dx/cf/attrib/AttRuntimeInvisibleAnnotations
Event: 1.861 loading class com/android/dx/cf/attrib/AttRuntimeInvisibleAnnotations done
Event: 1.861 loading class com/android/dx/cf/attrib/BaseAnnotations
Event: 1.861 loading class com/android/dx/cf/attrib/BaseAnnotations done
Event: 1.943 loading class com/android/dx/cf/code/SwitchList
Event: 1.943 loading class com/android/dx/cf/code/SwitchList done
Event: 2.027 Executing VM operation: ParallelGCFailedAllocation
Event: 2.061 Executing VM operation: ParallelGCFailedAllocation done


Dynamic libraries:
0x000000013fec0000 - 0x000000013fef7000 	D:\Program Files\Java\jdk1.8.0_45\bin\java.exe
0x00000000774f0000 - 0x0000000077699000 	C:\Windows\SYSTEM32\ntdll.dll
0x00000000773d0000 - 0x00000000774f0000 	C:\Windows\system32\kernel32.dll
0x000007fefdb00000 - 0x000007fefdb6c000 	C:\Windows\system32\KERNELBASE.dll
0x000007fefdda0000 - 0x000007fefde7b000 	C:\Windows\system32\ADVAPI32.dll
0x000007feff360000 - 0x000007feff3ff000 	C:\Windows\system32\msvcrt.dll
0x000007feff2a0000 - 0x000007feff2bf000 	C:\Windows\SYSTEM32\sechost.dll
0x000007feff560000 - 0x000007feff68d000 	C:\Windows\system32\RPCRT4.dll
0x00000000772d0000 - 0x00000000773ca000 	C:\Windows\system32\USER32.dll
0x000007feff2c0000 - 0x000007feff327000 	C:\Windows\system32\GDI32.dll
0x000007feff350000 - 0x000007feff35e000 	C:\Windows\system32\LPK.dll
0x000007feff690000 - 0x000007feff759000 	C:\Windows\system32\USP10.dll
0x000007fefc210000 - 0x000007fefc404000 	C:\Windows\WinSxS\amd64_microsoft.windows.common-controls_6595b64144ccf1df_6.0.7601.18837_none_fa3b1e3d17594757\COMCTL32.dll
0x000007fefedd0000 - 0x000007fefee41000 	C:\Windows\system32\SHLWAPI.dll
0x000007fefde80000 - 0x000007fefdeae000 	C:\Windows\system32\IMM32.DLL
0x000007feff400000 - 0x000007feff509000 	C:\Windows\system32\MSCTF.dll
0x0000000066880000 - 0x0000000066952000 	D:\Program Files\Java\jdk1.8.0_45\jre\bin\msvcr100.dll
0x0000000054d30000 - 0x00000000555b3000 	D:\Program Files\Java\jdk1.8.0_45\jre\bin\server\jvm.dll
0x000007fefbf80000 - 0x000007fefbf89000 	C:\Windows\system32\WSOCK32.dll
0x000007feff510000 - 0x000007feff55d000 	C:\Windows\system32\WS2_32.dll
0x000007fefedc0000 - 0x000007fefedc8000 	C:\Windows\system32\NSI.dll
0x000007fef5a50000 - 0x000007fef5a8b000 	C:\Windows\system32\WINMM.dll
0x000007fefcab0000 - 0x000007fefcabc000 	C:\Windows\system32\VERSION.dll
0x00000000776c0000 - 0x00000000776c7000 	C:\Windows\system32\PSAPI.DLL
0x0000000063310000 - 0x000000006331f000 	D:\Program Files\Java\jdk1.8.0_45\jre\bin\verify.dll
0x00000000632e0000 - 0x0000000063309000 	D:\Program Files\Java\jdk1.8.0_45\jre\bin\java.dll
0x00000000632c0000 - 0x00000000632d6000 	D:\Program Files\Java\jdk1.8.0_45\jre\bin\zip.dll
0x000007fefdf50000 - 0x000007fefecd9000 	C:\Windows\system32\SHELL32.dll
0x000007fefeeb0000 - 0x000007feff0b3000 	C:\Windows\system32\ole32.dll
0x000007fefd950000 - 0x000007fefd95f000 	C:\Windows\system32\profapi.dll

VM Arguments:
jvm_args: -Xmx1024M -Dfile.encoding=GBK -Duser.country=CN -Duser.language=zh -Duser.variant 
java_command: com.android.dx.command.Main --dex --num-threads=4 --output F:\luoxingxing\AS\Test\app\build\intermediates\pre-dexed\debug\internal_impl-23.3.0-f089e84b2e7d1ceaf6df7ef369d849a533822c55.jar F:\luoxingxing\AS\Test\app\build\intermediates\exploded-aar\com.android.support\support-v4\23.3.0\jars\libs\internal_impl-23.3.0.jar
java_class_path (initial): F:\luoxingxing\developtool\android-sdk-windows_as\android-sdk-windows\android-sdk-windows\build-tools\23.0.3\lib\dx.jar
Launcher Type: SUN_STANDARD

Environment Variables:
JAVA_HOME=D:\Program Files\Java\jdk1.8.0_45
CLASSPATH=.;D:\Program Files\Java\jdk1.8.0_45\lib;D:\Program Files\Java\jdk1.8.0_45\lib\tools.jar
PATH=C:\ProgramData\Oracle\Java\javapath;C:\Windows\system32;C:\Windows;C:\Windows\System32\Wbem;C:\Windows\System32\WindowsPowerShell\v1.0\;D:\Program Files\Java\jdk1.8.0_45\bin;D:\Program Files\Java\jdk1.8.0_45\jre\bin;D:\Program Files\TortoiseSVN\bin;d:\Program Files (x86)\Git\cmd;D:\eclipse\sdk\android-sdk-windows\platform-tools;F:\luoxingxing\setup\git\bin;F:\luoxingxing\setup\python;F:\luoxingxing\setup\python\Lib\site-packages\Django-1.8.11-py2.7.egg\django;F:\luoxingxing\setup\python\Scripts;F:\luoxingxing\setup\python\Django-1.8.11\Django-1.8.11\django\bin
USERNAME=Administrator
OS=Windows_NT
PROCESSOR_IDENTIFIER=Intel64 Family 6 Model 58 Stepping 9, GenuineIntel



---------------  S Y S T E M  ---------------

OS: Windows 7 , 64 bit Build 7601 (6.1.7601.19018)

CPU:total 4 (4 cores per cpu, 1 threads per core) family 6 model 58 stepping 9, cmov, cx8, fxsr, mmx, sse, sse2, sse3, ssse3, sse4.1, sse4.2, popcnt, avx, aes, clmul, erms, tsc, tscinvbit, tscinv

Memory: 4k page, physical 8279416k(929592k free), swap 8277580k(5108k free)

vm_info: Java HotSpot(TM) 64-Bit Server VM (25.45-b02) for windows-amd64 JRE (1.8.0_45-b14), built on Apr 10 2015 10:34:15 by "java_re" with MS VC++ 10.0 (VS2010)

time: Tue May 03 14:25:41 2016
elapsed time: 2 seconds (0d 0h 0m 2s)

