#
# There is insufficient memory for the Java Runtime Environment to continue.
# Native memory allocation (malloc) failed to allocate 1081296 bytes for Chunk::new
# Possible reasons:
#   The system is out of physical RAM or swap space
#   In 32 bit mode, the process size limit was hit
# Possible solutions:
#   Reduce memory load on the system
#   Increase physical memory or swap space
#   Check if swap backing store is full
#   Use 64 bit Java on a 64 bit OS
#   Decrease Java heap size (-Xmx/-Xms)
#   Decrease number of Java threads
#   Decrease Java thread stack sizes (-Xss)
#   Set larger code cache with -XX:ReservedCodeCacheSize=
# This output file may be truncated or incomplete.
#
#  Out of Memory Error (allocation.cpp:390), pid=7440, tid=2844
#
# JRE version: Java(TM) SE Runtime Environment (8.0_45-b14) (build 1.8.0_45-b14)
# Java VM: Java HotSpot(TM) 64-Bit Server VM (25.45-b02 mixed mode windows-amd64 compressed oops)
# Failed to write core dump. Minidumps are not enabled by default on client versions of Windows
#

---------------  T H R E A D  ---------------

Current thread (0x0000000056aa7800):  JavaThread "C2 CompilerThread1" daemon [_thread_in_native, id=2844, stack(0x00000000573d0000,0x00000000574d0000)]

Stack: [0x00000000573d0000,0x00000000574d0000]
Native frames: (J=compiled Java code, j=interpreted, Vv=VM code, C=native code)
V  [jvm.dll+0x32b57a]
V  [jvm.dll+0x279873]
V  [jvm.dll+0x27a509]
V  [jvm.dll+0x271825]
V  [jvm.dll+0xcb9e2]
V  [jvm.dll+0xcbeac]
V  [jvm.dll+0x49298c]
V  [jvm.dll+0x45f6ff]
V  [jvm.dll+0x46a73b]
V  [jvm.dll+0x46cd52]
V  [jvm.dll+0x4500f2]
V  [jvm.dll+0xa4352]
V  [jvm.dll+0xa4c8f]
V  [jvm.dll+0x241984]
V  [jvm.dll+0x29853a]
C  [msvcr100.dll+0x21d9f]
C  [msvcr100.dll+0x21e3b]
C  [kernel32.dll+0x15a4d]
C  [ntdll.dll+0x2b831]


Current CompileTask:
C2:   2741 1532       4       com.android.dx.dex.code.RopToDop::dopFor (792 bytes)


---------------  P R O C E S S  ---------------

Java Threads: ( => current thread )
  0x0000000056d9f000 JavaThread "pool-1-thread-4" [_thread_in_Java, id=7376, stack(0x00000000585c0000,0x00000000586c0000)]
  0x0000000056d9c800 JavaThread "pool-1-thread-3" [_thread_in_Java, id=6668, stack(0x0000000058480000,0x0000000058580000)]
  0x0000000056e36000 JavaThread "pool-1-thread-2" [_thread_in_Java, id=4416, stack(0x0000000057670000,0x0000000057770000)]
  0x0000000056e2d000 JavaThread "pool-2-thread-1" [_thread_blocked, id=1340, stack(0x0000000058320000,0x0000000058420000)]
  0x0000000056e28000 JavaThread "pool-1-thread-1" [_thread_in_Java, id=5420, stack(0x00000000580c0000,0x00000000581c0000)]
  0x0000000056b16800 JavaThread "Service Thread" daemon [_thread_blocked, id=5564, stack(0x0000000057500000,0x0000000057600000)]
  0x0000000056aa8000 JavaThread "C1 CompilerThread2" daemon [_thread_blocked, id=4420, stack(0x0000000057080000,0x0000000057180000)]
=>0x0000000056aa7800 JavaThread "C2 CompilerThread1" daemon [_thread_in_native, id=2844, stack(0x00000000573d0000,0x00000000574d0000)]
  0x00000000557bd800 JavaThread "C2 CompilerThread0" daemon [_thread_blocked, id=3744, stack(0x0000000057210000,0x0000000057310000)]
  0x0000000056a99000 JavaThread "Attach Listener" daemon [_thread_blocked, id=6348, stack(0x0000000056850000,0x0000000056950000)]
  0x0000000056a98800 JavaThread "Signal Dispatcher" daemon [_thread_blocked, id=3640, stack(0x0000000056f70000,0x0000000057070000)]
  0x0000000055757000 JavaThread "Finalizer" daemon [_thread_blocked, id=6044, stack(0x0000000056990000,0x0000000056a90000)]
  0x0000000055750000 JavaThread "Reference Handler" daemon [_thread_blocked, id=4344, stack(0x0000000056730000,0x0000000056830000)]
  0x00000000021be000 JavaThread "main" [_thread_in_Java, id=7572, stack(0x0000000002400000,0x0000000002500000)]

Other Threads:
  0x000000005574a800 VMThread [stack: 0x00000000565b0000,0x00000000566b0000] [id=5920]
  0x0000000056b4b000 WatcherThread [stack: 0x0000000057770000,0x0000000057870000] [id=7428]

VM state:not at safepoint (normal execution)

VM Mutex/Monitor currently owned by a thread: None

Heap:
 PSYoungGen      total 71680K, used 31880K [0x00000000eab00000, 0x00000000ef600000, 0x0000000100000000)
  eden space 66560K, 40% used [0x00000000eab00000,0x00000000ec525d80,0x00000000eec00000)
  from space 5120K, 99% used [0x00000000eec00000,0x00000000ef0fc3c8,0x00000000ef100000)
  to   space 5120K, 0% used [0x00000000ef100000,0x00000000ef100000,0x00000000ef600000)
 ParOldGen       total 87552K, used 15685K [0x00000000c0000000, 0x00000000c5580000, 0x00000000eab00000)
  object space 87552K, 17% used [0x00000000c0000000,0x00000000c0f51498,0x00000000c5580000)
 Metaspace       used 6250K, capacity 7088K, committed 7296K, reserved 1056768K
  class space    used 597K, capacity 616K, committed 640K, reserved 1048576K

Card table byte_map: [0x00000000118c0000,0x0000000011ad0000] byte_map_base: 0x00000000112c0000

Marking Bits: (ParMarkBitMap*) 0x0000000055534040
 Begin Bits: [0x0000000012280000, 0x0000000013280000)
 End Bits:   [0x0000000013280000, 0x0000000014280000)

Polling page: 0x0000000000320000

CodeCache: size=245760Kb used=6621Kb max_used=6636Kb free=239138Kb
 bounds [0x0000000002500000, 0x0000000002b90000, 0x0000000011500000]
 total_blobs=1943 nmethods=1670 adapters=184
 compilation: disabled (not enough contiguous free space left)

Compilation events (10 events):
Event: 2.643 Thread 0x0000000056aa8000 nmethod 1707 0x0000000002b523d0 code [0x0000000002b52560, 0x0000000002b52a98]
Event: 2.644 Thread 0x00000000557bd800 nmethod 1699 0x0000000002b4e910 code [0x0000000002b4ea80, 0x0000000002b4ee98]
Event: 2.644 Thread 0x00000000557bd800 1703       4       com.android.dx.ssa.SsaMethod::getUseListCopy (56 bytes)
Event: 2.644 Thread 0x0000000056aa8000 1709       2       java.io.FilterInputStream::read (9 bytes)
Event: 2.644 Thread 0x0000000056aa8000 nmethod 1709 0x0000000002b4e550 code [0x0000000002b4e6c0, 0x0000000002b4e848]
Event: 2.644 Thread 0x0000000056aa8000 1710       2       com.android.dx.ssa.SsaMethod::updateOneDefinition (70 bytes)
Event: 2.645 Thread 0x0000000056aa8000 nmethod 1710 0x0000000002b4dd90 code [0x0000000002b4df20, 0x0000000002b4e248]
Event: 2.645 Thread 0x0000000056aa8000 1711 % !   3       com.android.dx.cf.cst.ConstantPoolParser::determineOffsets @ 5 (285 bytes)
Event: 2.647 Thread 0x0000000056aa8000 

Event: 2.666 Thread 0x00000000557bd800 


GC Heap History (4 events):
Event: 1.327 GC heap before
{Heap before GC invocations=1 (full 0):
 PSYoungGen      total 38400K, used 33280K [0x00000000eab00000, 0x00000000ed580000, 0x0000000100000000)
  eden space 33280K, 100% used [0x00000000eab00000,0x00000000ecb80000,0x00000000ecb80000)
  from space 5120K, 0% used [0x00000000ed080000,0x00000000ed080000,0x00000000ed580000)
  to   space 5120K, 0% used [0x00000000ecb80000,0x00000000ecb80000,0x00000000ed080000)
 ParOldGen       total 87552K, used 0K [0x00000000c0000000, 0x00000000c5580000, 0x00000000eab00000)
  object space 87552K, 0% used [0x00000000c0000000,0x00000000c0000000,0x00000000c5580000)
 Metaspace       used 5964K, capacity 6896K, committed 7040K, reserved 1056768K
  class space    used 596K, capacity 616K, committed 640K, reserved 1048576K
Event: 1.364 GC heap after
Heap after GC invocations=1 (full 0):
 PSYoungGen      total 38400K, used 5090K [0x00000000eab00000, 0x00000000ef600000, 0x0000000100000000)
  eden space 33280K, 0% used [0x00000000eab00000,0x00000000eab00000,0x00000000ecb80000)
  from space 5120K, 99% used [0x00000000ecb80000,0x00000000ed078a70,0x00000000ed080000)
  to   space 5120K, 0% used [0x00000000ef100000,0x00000000ef100000,0x00000000ef600000)
 ParOldGen       total 87552K, used 1072K [0x00000000c0000000, 0x00000000c5580000, 0x00000000eab00000)
  object space 87552K, 1% used [0x00000000c0000000,0x00000000c010c208,0x00000000c5580000)
 Metaspace       used 5964K, capacity 6896K, committed 7040K, reserved 1056768K
  class space    used 596K, capacity 616K, committed 640K, reserved 1048576K
}
Event: 1.555 GC heap before
{Heap before GC invocations=2 (full 0):
 PSYoungGen      total 38400K, used 38370K [0x00000000eab00000, 0x00000000ef600000, 0x0000000100000000)
  eden space 33280K, 100% used [0x00000000eab00000,0x00000000ecb80000,0x00000000ecb80000)
  from space 5120K, 99% used [0x00000000ecb80000,0x00000000ed078a70,0x00000000ed080000)
  to   space 5120K, 0% used [0x00000000ef100000,0x00000000ef100000,0x00000000ef600000)
 ParOldGen       total 87552K, used 1072K [0x00000000c0000000, 0x00000000c5580000, 0x00000000eab00000)
  object space 87552K, 1% used [0x00000000c0000000,0x00000000c010c208,0x00000000c5580000)
 Metaspace       used 6069K, capacity 6960K, committed 7040K, reserved 1056768K
  class space    used 597K, capacity 616K, committed 640K, reserved 1048576K
Event: 1.568 GC heap after
Heap after GC invocations=2 (full 0):
 PSYoungGen      total 71680K, used 5110K [0x00000000eab00000, 0x00000000ef600000, 0x0000000100000000)
  eden space 66560K, 0% used [0x00000000eab00000,0x00000000eab00000,0x00000000eec00000)
  from space 5120K, 99% used [0x00000000ef100000,0x00000000ef5fd8e0,0x00000000ef600000)
  to   space 5120K, 0% used [0x00000000eec00000,0x00000000eec00000,0x00000000ef100000)
 ParOldGen       total 87552K, used 5685K [0x00000000c0000000, 0x00000000c5580000, 0x00000000eab00000)
  object space 87552K, 6% used [0x00000000c0000000,0x00000000c058d570,0x00000000c5580000)
 Metaspace       used 6069K, capacity 6960K, committed 7040K, reserved 1056768K
  class space    used 597K, capacity 616K, committed 640K, reserved 1048576K
}

Deoptimization events (10 events):
Event: 1.427 Thread 0x0000000056d9c800 Uncommon trap: reason=bimorphic action=maybe_recompile pc=0x000000000276524c method=java.util.HashMap.getNode(ILjava/lang/Object;)Ljava/util/HashMap$Node; @ 126
Event: 1.478 Thread 0x00000000021be000 Uncommon trap: reason=bimorphic action=maybe_recompile pc=0x000000000276524c method=java.util.HashMap.getNode(ILjava/lang/Object;)Ljava/util/HashMap$Node; @ 126
Event: 1.478 Thread 0x00000000021be000 Uncommon trap: reason=bimorphic action=maybe_recompile pc=0x000000000276524c method=java.util.HashMap.getNode(ILjava/lang/Object;)Ljava/util/HashMap$Node; @ 126
Event: 1.479 Thread 0x00000000021be000 Uncommon trap: reason=bimorphic action=maybe_recompile pc=0x000000000276524c method=java.util.HashMap.getNode(ILjava/lang/Object;)Ljava/util/HashMap$Node; @ 126
Event: 1.479 Thread 0x00000000021be000 Uncommon trap: reason=unstable_if action=reinterpret pc=0x00000000028aafc4 method=com.android.dx.rop.cst.Constant.compareTo(Lcom/android/dx/rop/cst/Constant;)I @ 12
Event: 1.510 Thread 0x0000000056e36000 Uncommon trap: reason=bimorphic action=maybe_recompile pc=0x00000000029c88ec method=java.util.HashMap.putVal(ILjava/lang/Object;Ljava/lang/Object;ZZ)Ljava/lang/Object; @ 203
Event: 2.143 Thread 0x0000000056e36000 Uncommon trap: reason=unstable_if action=reinterpret pc=0x0000000002a4a8c0 method=com.android.dx.ssa.SCCP.simulateStmt(Lcom/android/dx/ssa/SsaInsn;)V @ 53
Event: 2.183 Thread 0x0000000056e28000 Uncommon trap: reason=unstable_if action=reinterpret pc=0x00000000029d736c method=com.android.dx.util.IntList.binarysearch(I)I @ 105
Event: 2.644 Thread 0x0000000056e36000 Uncommon trap: reason=unstable_if action=reinterpret pc=0x0000000002b487d8 method=com.android.dx.ssa.LiteralOpUpgrader$1.visitNonMoveInsn(Lcom/android/dx/ssa/NormalSsaInsn;)V @ 55
Event: 2.644 Thread 0x0000000056e36000 Uncommon trap: reason=unstable_if action=reinterpret pc=0x00000000029abe0c method=com.android.dx.ssa.SsaMethod.updateOneDefinition(Lcom/android/dx/ssa/SsaInsn;Lcom/android/dx/rop/code/RegisterSpec;)V @ 4

Internal exceptions (4 events):
Event: 0.037 Thread 0x00000000021be000 Exception <a 'java/lang/NoSuchMethodError': Method sun.misc.Unsafe.defineClass(Ljava/lang/String;[BII)Ljava/lang/Class; name or signature does not match> (0x00000000eab12f30) thrown at [C:\re\workspace\8-2-build-windows-amd64-cygwin\jdk8u45\3457\hotspot\srVç'¼¶¢?
Event: 0.037 Thread 0x00000000021be000 Exception <a 'java/lang/NoSuchMethodError': Method sun.misc.Unsafe.prefetchRead(Ljava/lang/Object;J)V name or signature does not match> (0x00000000eab131c0) thrown at [C:\re\workspace\8-2-build-windows-amd64-cygwin\jdk8u45\3457\hotspot\src\share\vm\prims\jÔ)—›!™ò?
Event: 1.162 Thread 0x00000000021be000 Implicit null exception at 0x000000000283e6c8 to 0x000000000284156d
Event: 1.388 Thread 0x0000000056e28000 Implicit null exception at 0x0000000002835c5d to 0x000000000283814d

Events (10 events):
Event: 2.644 loading class com/android/dx/rop/code/RegOps done
Event: 2.644 Thread 0x0000000056e36000 Uncommon trap: trap_request=0xffffff65 fr.pc=0x00000000029abe0c
Event: 2.644 Thread 0x0000000056e36000 DEOPT PACKING pc=0x00000000029abe0c sp=0x000000005776e6e0
Event: 2.644 Thread 0x0000000056e36000 DEOPT UNPACKING pc=0x000000000254582a sp=0x000000005776e688 mode 2
Event: 2.646 Thread 0x0000000056e36000 DEOPT PACKING pc=0x00000000028886e4 sp=0x000000005776e900
Event: 2.646 Thread 0x0000000056e36000 DEOPT UNPACKING pc=0x000000000254787f sp=0x000000005776e618 mode 0
Event: 2.654 Thread 0x0000000056d9f000 DEOPT PACKING pc=0x0000000002988879 sp=0x00000000586be6d0
Event: 2.654 Thread 0x0000000056d9f000 DEOPT UNPACKING pc=0x000000000254787f sp=0x00000000586be4b8 mode 0
Event: 2.682 Thread 0x0000000056d9c800 DEOPT PACKING pc=0x0000000002998987 sp=0x000000005857e870
Event: 2.682 Thread 0x0000000056d9c800 DEOPT UNPACKING pc=0x000000000254787f sp=0x000000005857e5e8 mode 0


Dynamic libraries:
0x000000013fec0000 - 0x000000013fef7000 	D:\Program Files\Java\jdk1.8.0_45\bin\java.exe
0x00000000774f0000 - 0x0000000077699000 	C:\Windows\SYSTEM32\ntdll.dll
0x00000000773d0000 - 0x00000000774f0000 	C:\Windows\system32\kernel32.dll
0x000007fefdb00000 - 0x000007fefdb6c000 	C:\Windows\system32\KERNELBASE.dll
0x000007fefdda0000 - 0x000007fefde7b000 	C:\Windows\system32\ADVAPI32.dll
0x000007feff360000 - 0x000007feff3ff000 	C:\Windows\system32\msvcrt.dll
0x000007feff2a0000 - 0x000007feff2bf000 	C:\Windows\SYSTEM32\sechost.dll
0x000007feff560000 - 0x000007feff68d000 	C:\Windows\system32\RPCRT4.dll
0x00000000772d0000 - 0x00000000773ca000 	C:\Windows\system32\USER32.dll
0x000007feff2c0000 - 0x000007feff327000 	C:\Windows\system32\GDI32.dll
0x000007feff350000 - 0x000007feff35e000 	C:\Windows\system32\LPK.dll
0x000007feff690000 - 0x000007feff759000 	C:\Windows\system32\USP10.dll
0x000007fefc210000 - 0x000007fefc404000 	C:\Windows\WinSxS\amd64_microsoft.windows.common-controls_6595b64144ccf1df_6.0.7601.18837_none_fa3b1e3d17594757\COMCTL32.dll
0x000007fefedd0000 - 0x000007fefee41000 	C:\Windows\system32\SHLWAPI.dll
0x000007fefde80000 - 0x000007fefdeae000 	C:\Windows\system32\IMM32.DLL
0x000007feff400000 - 0x000007feff509000 	C:\Windows\system32\MSCTF.dll
0x0000000066880000 - 0x0000000066952000 	D:\Program Files\Java\jdk1.8.0_45\jre\bin\msvcr100.dll
0x0000000054d30000 - 0x00000000555b3000 	D:\Program Files\Java\jdk1.8.0_45\jre\bin\server\jvm.dll
0x000007fefbf80000 - 0x000007fefbf89000 	C:\Windows\system32\WSOCK32.dll
0x000007feff510000 - 0x000007feff55d000 	C:\Windows\system32\WS2_32.dll
0x000007fefedc0000 - 0x000007fefedc8000 	C:\Windows\system32\NSI.dll
0x000007fef5a50000 - 0x000007fef5a8b000 	C:\Windows\system32\WINMM.dll
0x000007fefcab0000 - 0x000007fefcabc000 	C:\Windows\system32\VERSION.dll
0x00000000776c0000 - 0x00000000776c7000 	C:\Windows\system32\PSAPI.DLL
0x0000000063310000 - 0x000000006331f000 	D:\Program Files\Java\jdk1.8.0_45\jre\bin\verify.dll
0x00000000632e0000 - 0x0000000063309000 	D:\Program Files\Java\jdk1.8.0_45\jre\bin\java.dll
0x00000000632c0000 - 0x00000000632d6000 	D:\Program Files\Java\jdk1.8.0_45\jre\bin\zip.dll
0x000007fefdf50000 - 0x000007fefecd9000 	C:\Windows\system32\SHELL32.dll
0x000007fefeeb0000 - 0x000007feff0b3000 	C:\Windows\system32\ole32.dll
0x000007fefd950000 - 0x000007fefd95f000 	C:\Windows\system32\profapi.dll
0x000007fef1ab0000 - 0x000007fef1bd5000 	C:\Windows\system32\dbghelp.dll

VM Arguments:
jvm_args: -Xmx1024M -Dfile.encoding=GBK -Duser.country=CN -Duser.language=zh -Duser.variant 
java_command: com.android.dx.command.Main --dex --num-threads=4 --output F:\luoxingxing\AS\Test\app\build\intermediates\pre-dexed\debug\classes-69cbd6b313989d10c882dd83a6c86e34a874a952.jar F:\luoxingxing\AS\Test\app\build\intermediates\exploded-aar\com.android.support\appcompat-v7\23.3.0\jars\classes.jar
java_class_path (initial): F:\luoxingxing\developtool\android-sdk-windows_as\android-sdk-windows\android-sdk-windows\build-tools\23.0.3\lib\dx.jar
Launcher Type: SUN_STANDARD

Environment Variables:
JAVA_HOME=D:\Program Files\Java\jdk1.8.0_45
CLASSPATH=.;D:\Program Files\Java\jdk1.8.0_45\lib;D:\Program Files\Java\jdk1.8.0_45\lib\tools.jar
PATH=C:\ProgramData\Oracle\Java\javapath;C:\Windows\system32;C:\Windows;C:\Windows\System32\Wbem;C:\Windows\System32\WindowsPowerShell\v1.0\;D:\Program Files\Java\jdk1.8.0_45\bin;D:\Program Files\Java\jdk1.8.0_45\jre\bin;D:\Program Files\TortoiseSVN\bin;d:\Program Files (x86)\Git\cmd;D:\eclipse\sdk\android-sdk-windows\platform-tools;F:\luoxingxing\setup\git\bin;F:\luoxingxing\setup\python;F:\luoxingxing\setup\python\Lib\site-packages\Django-1.8.11-py2.7.egg\django;F:\luoxingxing\setup\python\Scripts;F:\luoxingxing\setup\python\Django-1.8.11\Django-1.8.11\django\bin
USERNAME=Administrator
OS=Windows_NT
PROCESSOR_IDENTIFIER=Intel64 Family 6 Model 58 Stepping 9, GenuineIntel



---------------  S Y S T E M  ---------------

OS: Windows 7 , 64 bit Build 7601 (6.1.7601.19018)

CPU:total 4 (4 cores per cpu, 1 threads per core) family 6 model 58 stepping 9, cmov, cx8, fxsr, mmx, sse, sse2, sse3, ssse3, sse4.1, sse4.2, popcnt, avx, aes, clmul, erms, tsc, tscinvbit, tscinv

Memory: 4k page, physical 8279416k(992020k free), swap 8277580k(4628k free)

vm_info: Java HotSpot(TM) 64-Bit Server VM (25.45-b02) for windows-amd64 JRE (1.8.0_45-b14), built on Apr 10 2015 10:34:15 by "java_re" with MS VC++ 10.0 (VS2010)

time: Tue May 03 14:25:41 2016
elapsed time: 2 seconds (0d 0h 0m 2s)

